15:19:03.618 [main] INFO  resources.base - Driver is initialized
15:19:10.179 [main] INFO  resources.base - 9769460674
15:19:10.179 [main] INFO  resources.base - logged in sucessfully
15:19:11.580 [main] INFO  resources.base - Driver is initialized
15:19:15.090 [main] INFO  resources.base - pawarmanish935@gmail.com
15:19:15.090 [main] INFO  resources.base - logged in sucessfully
15:19:16.457 [main] INFO  resources.base - Driver is initialized
15:19:26.750 [main] INFO  resources.base - Driver invoked the browser successfully
15:19:26.864 [main] INFO  resources.base - NavBar is successfully validated
15:19:39.658 [main] INFO  resources.base - Object Created
15:19:39.708 [main] INFO  resources.base - Successfully validated
16:23:42.890 [main] INFO  resources.base - Driver is initialized
16:24:07.137 [main] INFO  resources.base - Driver is initialized
16:24:13.629 [main] INFO  resources.base - pawarmanish935@gmail.com
16:24:13.630 [main] INFO  resources.base - logged in sucessfully
16:24:14.976 [main] INFO  resources.base - Driver is initialized
16:24:21.199 [main] INFO  resources.base - Driver invoked the browser successfully
16:24:21.298 [main] INFO  resources.base - NavBar is successfully validated
16:24:24.299 [main] INFO  resources.base - Object Created
17:49:41.630 [main] INFO  resources.base - Driver is initialized
17:49:44.834 [main] INFO  resources.base - 9769460674
17:49:44.835 [main] INFO  resources.base - logged in sucessfully
17:49:46.376 [main] INFO  resources.base - Driver is initialized
17:49:48.680 [main] INFO  resources.base - pawarmanish935@gmail.com
17:49:48.680 [main] INFO  resources.base - logged in sucessfully
17:49:50.249 [main] INFO  resources.base - Driver is initialized
17:49:52.310 [main] INFO  resources.base - Driver invoked the browser successfully
17:49:52.435 [main] INFO  resources.base - NavBar is successfully validated
17:49:56.066 [main] INFO  resources.base - Object Created
17:51:23.636 [main] INFO  resources.base - Driver is initialized
17:51:26.375 [main] INFO  resources.base - 9769460674
17:51:26.375 [main] INFO  resources.base - logged in sucessfully
17:51:27.863 [main] INFO  resources.base - Driver is initialized
17:51:30.605 [main] INFO  resources.base - pawarmanish935@gmail.com
17:51:30.606 [main] INFO  resources.base - logged in sucessfully
17:51:32.172 [main] INFO  resources.base - Driver is initialized
17:51:34.215 [main] INFO  resources.base - Driver invoked the browser successfully
17:51:34.343 [main] INFO  resources.base - NavBar is successfully validated
17:51:37.864 [main] INFO  resources.base - Object Created
17:51:37.963 [main] INFO  resources.base - Successfully validated
17:58:28.262 [main] INFO  resources.base - Driver is initialized
17:58:30.819 [main] INFO  resources.base - 9769460674
17:58:30.820 [main] INFO  resources.base - logged in sucessfully
17:58:32.310 [main] INFO  resources.base - Driver is initialized
17:58:34.481 [main] INFO  resources.base - pawarmanish935@gmail.com
17:58:34.481 [main] INFO  resources.base - logged in sucessfully
17:58:36.040 [main] INFO  resources.base - Driver is initialized
17:58:37.918 [main] INFO  resources.base - Driver invoked the browser successfully
17:58:38.055 [main] INFO  resources.base - NavBar is successfully validated
17:58:41.667 [main] INFO  resources.base - Object Created
17:58:41.742 [main] INFO  resources.base - Successfully validated
18:02:31.397 [main] INFO  resources.base - Driver is initialized
18:02:36.243 [main] INFO  resources.base - 9769460674
18:02:36.243 [main] INFO  resources.base - logged in sucessfully
18:02:37.734 [main] INFO  resources.base - Driver is initialized
18:02:40.494 [main] INFO  resources.base - pawarmanish935@gmail.com
18:02:40.495 [main] INFO  resources.base - logged in sucessfully
18:02:46.008 [main] INFO  resources.base - Driver is initialized
18:02:48.261 [main] INFO  resources.base - Driver invoked the browser successfully
18:02:48.413 [main] INFO  resources.base - NavBar is successfully validated
18:02:52.240 [main] INFO  resources.base - Object Created
18:02:52.317 [main] INFO  resources.base - Successfully validated
18:03:29.668 [main] INFO  resources.base - Driver is initialized
18:03:32.812 [main] INFO  resources.base - 9769460674
18:03:32.812 [main] INFO  resources.base - logged in sucessfully
18:03:34.324 [main] INFO  resources.base - Driver is initialized
18:03:36.965 [main] INFO  resources.base - pawarmanish935@gmail.com
18:03:36.965 [main] INFO  resources.base - logged in sucessfully
18:03:38.603 [main] INFO  resources.base - Driver is initialized
18:03:40.399 [main] INFO  resources.base - Driver invoked the browser successfully
18:03:40.663 [main] INFO  resources.base - NavBar is successfully validated
18:03:44.755 [main] INFO  resources.base - Object Created
18:03:44.838 [main] INFO  resources.base - Successfully validated
18:56:46.294 [main] INFO  resources.base - Driver is initialized
18:56:48.698 [main] INFO  resources.base - 9769460674
18:56:48.698 [main] INFO  resources.base - logged in sucessfully
18:56:50.472 [main] INFO  resources.base - Driver is initialized
18:56:52.490 [main] INFO  resources.base - pawarmanish935@gmail.com
18:56:52.491 [main] INFO  resources.base - logged in sucessfully
18:56:54.125 [main] INFO  resources.base - Driver is initialized
18:56:56.359 [main] INFO  resources.base - Driver invoked the browser successfully
18:56:56.571 [main] INFO  resources.base - NavBar is successfully validated
18:57:00.471 [main] INFO  resources.base - Object Created
18:57:00.547 [main] INFO  resources.base - Successfully validated
22:59:20.340 [main] INFO  resources.base - Driver is initialized
22:59:24.231 [main] INFO  resources.base - 9769460674
22:59:24.232 [main] INFO  resources.base - logged in sucessfully
22:59:26.055 [main] INFO  resources.base - Driver is initialized
22:59:28.268 [main] INFO  resources.base - pawarmanish935@gmail.com
22:59:28.268 [main] INFO  resources.base - logged in sucessfully
22:59:29.500 [main] INFO  resources.base - Driver is initialized
22:59:31.304 [main] INFO  resources.base - Driver invoked the browser successfully
22:59:31.367 [main] INFO  resources.base - NavBar is successfully validated
22:59:38.963 [main] INFO  resources.base - Object Created
22:59:39.033 [main] INFO  resources.base - Successfully validated
19:03:05.992 [main] INFO  resources.base - Driver is initialized
19:03:12.364 [main] INFO  resources.base - 9769460674
19:03:12.365 [main] INFO  resources.base - logged in sucessfully
19:03:14.908 [main] INFO  resources.base - Driver is initialized
19:03:19.253 [main] INFO  resources.base - pawarmanish935@gmail.com
19:03:19.253 [main] INFO  resources.base - logged in sucessfully
19:03:20.912 [main] INFO  resources.base - Driver is initialized
19:03:24.455 [main] INFO  resources.base - Driver invoked the browser successfully
19:03:24.539 [main] INFO  resources.base - NavBar is successfully validated
19:04:00.589 [main] INFO  resources.base - Object Created
00:54:56.869 [main] INFO  resources.base - Driver is initialized
00:55:15.108 [main] INFO  resources.base - Driver is initialized
00:55:21.128 [main] INFO  resources.base - pawarmanish935@gmail.com
00:55:21.128 [main] INFO  resources.base - logged in sucessfully
00:55:22.928 [main] INFO  resources.base - Driver is initialized
00:55:28.189 [main] INFO  resources.base - Driver invoked the browser successfully
00:55:28.278 [main] INFO  resources.base - NavBar is successfully validated
00:55:39.185 [main] INFO  resources.base - Object Created
01:40:39.554 [main] INFO  resources.base - Driver is initialized
01:40:43.246 [main] INFO  resources.base - Driver invoked the browser successfully
01:40:55.613 [main] INFO  resources.base - Driver is initialized
01:40:58.282 [main] INFO  resources.base - 9769460674
01:40:58.283 [main] INFO  resources.base - logged in sucessfully
01:41:00.161 [main] INFO  resources.base - Driver is initialized
01:41:03.093 [main] INFO  resources.base - pawarmanish935@gmail.com
01:41:03.094 [main] INFO  resources.base - logged in sucessfully
01:43:37.352 [main] INFO  resources.base - Driver is initialized
01:43:41.101 [main] INFO  resources.base - Driver invoked the browser successfully
01:43:46.662 [main] INFO  resources.base - Driver is initialized
01:43:49.783 [main] INFO  resources.base - 9769460674
01:43:49.783 [main] INFO  resources.base - logged in sucessfully
01:43:51.648 [main] INFO  resources.base - Driver is initialized
01:43:54.291 [main] INFO  resources.base - pawarmanish935@gmail.com
01:43:54.291 [main] INFO  resources.base - logged in sucessfully
01:46:41.193 [main] INFO  resources.base - Driver is initialized
01:46:45.290 [main] INFO  resources.base - Driver invoked the browser successfully
01:46:50.766 [main] INFO  resources.base - Driver is initialized
01:46:54.047 [main] INFO  resources.base - 9769460674
01:46:54.048 [main] INFO  resources.base - logged in sucessfully
01:46:56.027 [main] INFO  resources.base - Driver is initialized
01:46:58.812 [main] INFO  resources.base - pawarmanish935@gmail.com
01:46:58.812 [main] INFO  resources.base - logged in sucessfully
01:54:11.300 [main] INFO  resources.base - Driver is initialized
01:54:15.188 [main] INFO  resources.base - Driver invoked the browser successfully
01:54:22.851 [main] INFO  resources.base - Driver is initialized
01:54:27.499 [main] INFO  resources.base - 9769460674
01:54:27.500 [main] INFO  resources.base - logged in sucessfully
01:54:30.208 [main] INFO  resources.base - Driver is initialized
01:54:33.882 [main] INFO  resources.base - pawarmanish935@gmail.com
01:54:33.883 [main] INFO  resources.base - logged in sucessfully
02:07:33.449 [main] INFO  resources.base - Driver is initialized
02:07:35.587 [main] INFO  resources.base - Driver invoked the browser successfully
02:07:41.129 [main] INFO  resources.base - Driver is initialized
02:07:44.336 [main] INFO  resources.base - 9769460674
02:07:44.336 [main] INFO  resources.base - logged in sucessfully
02:07:46.407 [main] INFO  resources.base - Driver is initialized
02:07:49.526 [main] INFO  resources.base - pawarmanish935@gmail.com
02:07:49.526 [main] INFO  resources.base - logged in sucessfully
11:18:47.584 [main] INFO  resources.base - Driver is initialized
11:18:52.809 [main] INFO  resources.base - Driver invoked the browser successfully
11:19:01.991 [main] INFO  resources.base - Driver is initialized
11:19:09.813 [main] INFO  resources.base - 9769460674
11:19:09.813 [main] INFO  resources.base - logged in sucessfully
11:19:12.410 [main] INFO  resources.base - Driver is initialized
11:19:17.592 [main] INFO  resources.base - pawarmanish935@gmail.com
11:19:17.593 [main] INFO  resources.base - logged in sucessfully
11:25:45.600 [main] INFO  resources.base - Driver is initialized
11:26:16.810 [main] INFO  resources.base - Driver invoked the browser successfully
11:26:31.035 [main] INFO  resources.base - Driver is initialized
11:26:38.319 [main] INFO  resources.base - 9769460674
11:26:38.320 [main] INFO  resources.base - logged in sucessfully
11:26:40.050 [main] INFO  resources.base - Driver is initialized
11:34:22.159 [main] INFO  resources.base - Driver is initialized
11:34:25.690 [main] INFO  resources.base - Driver invoked the browser successfully
11:34:33.251 [main] INFO  resources.base - Driver is initialized
11:34:38.180 [main] INFO  resources.base - 9769460674
11:34:38.182 [main] INFO  resources.base - logged in sucessfully
11:34:40.340 [main] INFO  resources.base - Driver is initialized
11:34:44.658 [main] INFO  resources.base - pawarmanish935@gmail.com
11:34:44.659 [main] INFO  resources.base - logged in sucessfully
11:34:45.289 [main] INFO  resources.base - NavBar is successfully validated
11:34:45.297 [main] INFO  resources.base - Object Created
15:38:27.789 [main] INFO  resources.base - Driver is initialized
15:38:32.647 [main] INFO  resources.base - Driver invoked the browser successfully
15:38:39.503 [main] INFO  resources.base - Driver is initialized
15:38:42.974 [main] INFO  resources.base - 9769460674
15:38:42.974 [main] INFO  resources.base - logged in sucessfully
15:38:45.185 [main] INFO  resources.base - Driver is initialized
15:38:49.408 [main] INFO  resources.base - pawarmanish935@gmail.com
15:38:49.408 [main] INFO  resources.base - logged in sucessfully
15:38:49.852 [main] INFO  resources.base - NavBar is successfully validated
15:38:49.862 [main] INFO  resources.base - Object Created
15:40:29.894 [main] INFO  resources.base - Driver is initialized
15:40:32.746 [main] INFO  resources.base - Driver invoked the browser successfully
15:40:39.289 [main] INFO  resources.base - Driver is initialized
15:40:43.193 [main] INFO  resources.base - 9769460674
15:40:43.193 [main] INFO  resources.base - logged in sucessfully
15:40:45.374 [main] INFO  resources.base - Driver is initialized
15:40:48.703 [main] INFO  resources.base - pawarmanish935@gmail.com
15:40:48.703 [main] INFO  resources.base - logged in sucessfully
15:40:49.271 [main] INFO  resources.base - NavBar is successfully validated
15:40:49.282 [main] INFO  resources.base - Object Created
16:41:16.397 [main] INFO  resources.base - Driver is initialized
16:41:19.232 [main] INFO  resources.base - Driver invoked the browser successfully
16:41:26.292 [main] INFO  resources.base - Driver is initialized
16:41:31.149 [main] INFO  resources.base - 9769460674
16:41:31.150 [main] INFO  resources.base - logged in sucessfully
16:41:33.431 [main] INFO  resources.base - Driver is initialized
16:41:37.811 [main] INFO  resources.base - pawarmanish935@gmail.com
16:41:37.811 [main] INFO  resources.base - logged in sucessfully
16:41:38.099 [main] INFO  resources.base - Object Created
16:41:40.718 [main] INFO  resources.base - NavBar is successfully validated
16:42:51.571 [main] INFO  resources.base - Driver is initialized
16:42:54.190 [main] INFO  resources.base - Driver invoked the browser successfully
16:43:00.007 [main] INFO  resources.base - Driver is initialized
16:43:03.363 [main] INFO  resources.base - 9769460674
16:43:03.363 [main] INFO  resources.base - logged in sucessfully
16:43:05.516 [main] INFO  resources.base - Driver is initialized
16:43:08.647 [main] INFO  resources.base - pawarmanish935@gmail.com
16:43:08.648 [main] INFO  resources.base - logged in sucessfully
16:43:09.484 [main] INFO  resources.base - NavBar is successfully validated
16:43:09.487 [main] INFO  resources.base - Object Created
16:44:00.977 [main] INFO  resources.base - Driver is initialized
16:44:03.467 [main] INFO  resources.base - Driver invoked the browser successfully
16:44:10.566 [main] INFO  resources.base - Driver is initialized
16:44:15.087 [main] INFO  resources.base - 9769460674
16:44:15.088 [main] INFO  resources.base - logged in sucessfully
16:44:17.231 [main] INFO  resources.base - Driver is initialized
16:44:20.376 [main] INFO  resources.base - pawarmanish935@gmail.com
16:44:20.376 [main] INFO  resources.base - logged in sucessfully
16:44:20.610 [main] INFO  resources.base - Object Created
16:44:20.881 [main] INFO  resources.base - NavBar is successfully validated
17:55:35.860 [main] INFO  resources.base - Driver is initialized
17:55:53.821 [main] INFO  resources.base - Driver invoked the browser successfully
17:56:10.904 [main] INFO  resources.base - Driver is initialized
17:56:17.306 [main] INFO  resources.base - 9769460674
17:56:17.307 [main] INFO  resources.base - logged in sucessfully
17:56:19.301 [main] INFO  resources.base - Driver is initialized
17:56:28.316 [main] INFO  resources.base - pawarmanish935@gmail.com
17:56:28.317 [main] INFO  resources.base - logged in sucessfully
17:56:28.780 [main] INFO  resources.base - NavBar is successfully validated
17:56:28.789 [main] INFO  resources.base - Object Created
17:57:34.929 [main] INFO  resources.base - Driver is initialized
17:58:18.803 [main] INFO  resources.base - Driver invoked the browser successfully
17:58:36.683 [main] INFO  resources.base - Driver is initialized
17:58:47.818 [main] INFO  resources.base - 9769460674
17:58:47.818 [main] INFO  resources.base - logged in sucessfully
17:58:50.051 [main] INFO  resources.base - Driver is initialized
17:59:02.755 [main] INFO  resources.base - pawarmanish935@gmail.com
17:59:02.756 [main] INFO  resources.base - logged in sucessfully
17:59:03.156 [main] INFO  resources.base - NavBar is successfully validated
17:59:03.163 [main] INFO  resources.base - Object Created
18:02:35.197 [main] INFO  resources.base - Driver is initialized
18:02:39.716 [main] INFO  resources.base - Driver invoked the browser successfully
18:06:49.520 [main] INFO  resources.base - Driver is initialized
18:06:58.705 [main] INFO  resources.base - Driver invoked the browser successfully
18:48:29.935 [main] INFO  resources.base - Driver is initialized
18:48:33.295 [main] INFO  resources.base - Driver invoked the browser successfully
18:48:43.487 [main] INFO  resources.base - Driver is initialized
18:48:58.188 [main] INFO  resources.base - 9769460674
18:48:58.188 [main] INFO  resources.base - logged in sucessfully
18:49:00.141 [main] INFO  resources.base - Driver is initialized
18:49:27.428 [main] INFO  resources.base - pawarmanish935@gmail.com
18:49:27.430 [main] INFO  resources.base - logged in sucessfully
18:49:27.791 [main] INFO  resources.base - Object Created
19:02:42.226 [main] INFO  resources.base - Driver is initialized
19:02:45.865 [main] INFO  resources.base - 9769460674
19:02:45.866 [main] INFO  resources.base - logged in sucessfully
19:02:47.621 [main] INFO  resources.base - Driver is initialized
19:03:44.877 [main] INFO  resources.base - pawarmanish935@gmail.com
19:03:44.877 [main] INFO  resources.base - logged in sucessfully
19:03:47.241 [main] INFO  resources.base - Driver is initialized
19:03:52.051 [main] INFO  resources.base - Driver invoked the browser successfully
19:03:52.163 [main] INFO  resources.base - NavBar is successfully validated
19:04:49.793 [main] INFO  resources.base - Object Created
19:08:29.350 [main] INFO  resources.base - Driver is initialized
19:08:36.205 [main] INFO  resources.base - 9769460674
19:08:36.206 [main] INFO  resources.base - logged in sucessfully
19:08:38.456 [main] INFO  resources.base - Driver is initialized
19:09:33.859 [main] INFO  resources.base - pawarmanish935@gmail.com
19:09:33.859 [main] INFO  resources.base - logged in sucessfully
19:09:36.271 [main] INFO  resources.base - Driver is initialized
19:09:57.667 [main] INFO  resources.base - Driver invoked the browser successfully
19:09:57.737 [main] INFO  resources.base - NavBar is successfully validated
19:10:57.292 [main] INFO  resources.base - Object Created
02:01:56.361 [main] INFO  resources.base - Driver is initialized
02:02:00.527 [main] INFO  resources.base - 9769460674
02:02:00.527 [main] INFO  resources.base - logged in sucessfully
02:02:02.434 [main] INFO  resources.base - Driver is initialized
02:02:04.959 [main] INFO  resources.base - pawarmanish935@gmail.com
02:02:04.960 [main] INFO  resources.base - logged in sucessfully
02:02:07.624 [main] INFO  resources.base - Driver is initialized
02:02:09.964 [main] INFO  resources.base - Driver invoked the browser successfully
02:02:10.199 [main] INFO  resources.base - NavBar is successfully validated
02:02:14.223 [main] INFO  resources.base - Object Created
02:04:30.557 [main] INFO  resources.base - Driver is initialized
02:04:33.525 [main] INFO  resources.base - 9769460674
02:04:33.526 [main] INFO  resources.base - logged in sucessfully
02:04:35.191 [main] INFO  resources.base - Driver is initialized
02:04:37.462 [main] INFO  resources.base - pawarmanish935@gmail.com
02:04:37.462 [main] INFO  resources.base - logged in sucessfully
02:04:39.756 [main] INFO  resources.base - Driver is initialized
02:04:42.531 [main] INFO  resources.base - Driver invoked the browser successfully
02:04:42.661 [main] INFO  resources.base - NavBar is successfully validated
02:04:46.120 [main] INFO  resources.base - Object Created
02:20:05.021 [main] INFO  resources.base - Driver is initialized
02:20:11.089 [main] INFO  resources.base - 9769460674
02:20:11.090 [main] INFO  resources.base - logged in sucessfully
02:20:14.077 [main] INFO  resources.base - Driver is initialized
02:20:20.466 [main] INFO  resources.base - pawarmanish935@gmail.com
02:20:20.467 [main] INFO  resources.base - logged in sucessfully
02:20:22.815 [main] INFO  resources.base - Driver is initialized
02:20:29.156 [main] INFO  resources.base - Driver invoked the browser successfully
02:20:29.268 [main] INFO  resources.base - NavBar is successfully validated
02:20:36.464 [main] INFO  resources.base - Object Created
02:21:54.302 [main] INFO  resources.base - Driver is initialized
02:21:57.845 [main] INFO  resources.base - 9769460674
02:21:57.845 [main] INFO  resources.base - logged in sucessfully
02:21:59.474 [main] INFO  resources.base - Driver is initialized
02:22:01.802 [main] INFO  resources.base - pawarmanish935@gmail.com
02:22:01.802 [main] INFO  resources.base - logged in sucessfully
02:22:07.866 [main] INFO  resources.base - Driver is initialized
02:22:10.975 [main] INFO  resources.base - Driver invoked the browser successfully
02:22:11.088 [main] INFO  resources.base - NavBar is successfully validated
02:22:15.569 [main] INFO  resources.base - Object Created
02:34:10.428 [main] INFO  resources.base - Driver is initialized
02:34:16.139 [main] INFO  resources.base - 9769460674
02:34:16.140 [main] INFO  resources.base - logged in sucessfully
02:34:17.862 [main] INFO  resources.base - Driver is initialized
02:34:20.257 [main] INFO  resources.base - pawarmanish935@gmail.com
02:34:20.257 [main] INFO  resources.base - logged in sucessfully
02:34:22.674 [main] INFO  resources.base - Driver is initialized
02:34:24.704 [main] INFO  resources.base - Driver invoked the browser successfully
02:34:24.844 [main] INFO  resources.base - NavBar is successfully validated
02:34:28.377 [main] INFO  resources.base - Object Created
02:35:09.111 [main] INFO  resources.base - Driver is initialized
02:35:13.486 [main] INFO  resources.base - 9769460674
02:35:13.487 [main] INFO  resources.base - logged in sucessfully
02:35:15.117 [main] INFO  resources.base - Driver is initialized
02:35:17.571 [main] INFO  resources.base - pawarmanish935@gmail.com
02:35:17.572 [main] INFO  resources.base - logged in sucessfully
02:35:20.173 [main] INFO  resources.base - Driver is initialized
02:35:21.884 [main] INFO  resources.base - Driver invoked the browser successfully
02:35:22.010 [main] INFO  resources.base - NavBar is successfully validated
02:35:25.529 [main] INFO  resources.base - Object Created
03:46:02.678 [main] INFO  resources.base - Driver is initialized
03:46:05.257 [main] INFO  resources.base - 9769460674
03:46:05.257 [main] INFO  resources.base - logged in sucessfully
03:46:07.023 [main] INFO  resources.base - Driver is initialized
03:46:09.334 [main] INFO  resources.base - pawarmanish935@gmail.com
03:46:09.334 [main] INFO  resources.base - logged in sucessfully
03:46:11.509 [main] INFO  resources.base - Driver is initialized
03:46:13.864 [main] INFO  resources.base - Driver invoked the browser successfully
03:46:14.001 [main] INFO  resources.base - NavBar is successfully validated
03:46:22.551 [main] INFO  resources.base - Object Created
04:12:49.963 [main] INFO  resources.base - Driver is initialized
04:12:53.919 [main] INFO  resources.base - 9769460674
04:12:53.919 [main] INFO  resources.base - logged in sucessfully
04:12:55.626 [main] INFO  resources.base - Driver is initialized
04:12:57.941 [main] INFO  resources.base - pawarmanish935@gmail.com
04:12:57.942 [main] INFO  resources.base - logged in sucessfully
04:13:00.104 [main] INFO  resources.base - Driver is initialized
04:13:01.969 [main] INFO  resources.base - Driver invoked the browser successfully
04:13:02.068 [main] INFO  resources.base - NavBar is successfully validated
04:13:06.366 [main] INFO  resources.base - Object Created
04:18:09.548 [main] INFO  resources.base - Driver is initialized
04:18:12.001 [main] INFO  resources.base - 9769460674
04:18:12.001 [main] INFO  resources.base - logged in sucessfully
04:18:15.316 [main] INFO  resources.base - Driver is initialized
04:18:18.247 [main] INFO  resources.base - pawarmanish935@gmail.com
04:18:18.247 [main] INFO  resources.base - logged in sucessfully
04:18:20.676 [main] INFO  resources.base - Driver is initialized
04:18:22.471 [main] INFO  resources.base - Driver invoked the browser successfully
04:18:22.586 [main] INFO  resources.base - NavBar is successfully validated
04:18:31.253 [main] INFO  resources.base - Object Created
14:02:45.369 [main] INFO  resources.base - Driver is initialized
14:02:51.635 [main] INFO  resources.base - Driver invoked the browser successfully
14:02:51.739 [main] INFO  resources.base - NavBar is successfully validated
14:03:02.050 [main] INFO  resources.base - Object Created
14:06:41.004 [main] INFO  resources.base - Driver is initialized
14:06:51.851 [main] INFO  resources.base - Driver invoked the browser successfully
14:06:52.043 [main] INFO  resources.base - NavBar is successfully validated
14:07:01.073 [main] INFO  resources.base - Object Created
14:09:31.320 [main] INFO  resources.base - Driver is initialized
14:09:45.306 [main] INFO  resources.base - Driver invoked the browser successfully
14:09:45.406 [main] INFO  resources.base - NavBar is successfully validated
14:10:00.038 [main] INFO  resources.base - Object Created
14:14:11.524 [main] INFO  resources.base - Driver is initialized
14:14:14.976 [main] INFO  resources.base - Driver invoked the browser successfully
14:14:15.098 [main] INFO  resources.base - NavBar is successfully validated
14:14:25.010 [main] INFO  resources.base - Object Created
14:23:26.497 [main] INFO  resources.base - Driver is initialized
14:23:31.472 [main] INFO  resources.base - Driver invoked the browser successfully
14:23:31.559 [main] INFO  resources.base - NavBar is successfully validated
14:23:37.469 [main] INFO  resources.base - Object Created
14:25:31.630 [main] INFO  resources.base - Driver is initialized
14:25:34.910 [main] INFO  resources.base - Driver invoked the browser successfully
14:25:34.982 [main] INFO  resources.base - NavBar is successfully validated
14:25:42.230 [main] INFO  resources.base - Object Created
14:31:55.320 [main] INFO  resources.base - Driver is initialized
14:31:56.985 [main] INFO  resources.base - Driver invoked the browser successfully
14:31:57.057 [main] INFO  resources.base - NavBar is successfully validated
14:32:05.619 [main] INFO  resources.base - Object Created
19:11:20.043 [main] INFO  resources.base - Driver is initialized
19:11:28.080 [main] INFO  resources.base - Driver invoked the browser successfully
19:11:28.175 [main] INFO  resources.base - NavBar is successfully validated
19:11:36.141 [main] INFO  resources.base - Object Created
19:23:09.676 [main] INFO  resources.base - Driver is initialized
19:23:14.639 [main] INFO  resources.base - Driver invoked the browser successfully
19:23:14.701 [main] INFO  resources.base - NavBar is successfully validated
19:23:25.363 [main] INFO  resources.base - Object Created
14:40:54.848 [main] INFO  resources.base - Driver is initialized
14:40:58.237 [main] INFO  resources.base - Driver invoked the browser successfully
14:40:58.365 [main] INFO  resources.base - NavBar is successfully validated
14:41:08.169 [main] INFO  resources.base - Object Created
14:44:08.112 [main] INFO  resources.base - Driver is initialized
14:44:11.181 [main] INFO  resources.base - Driver invoked the browser successfully
14:44:11.296 [main] INFO  resources.base - NavBar is successfully validated
14:44:15.440 [main] INFO  resources.base - Object Created
03:54:19.800 [main] INFO  resources.base - Object Created
04:35:07.584 [main] INFO  resources.base - Driver is initialized
04:35:09.670 [main] INFO  resources.base - Driver invoked the browser successfully
04:35:09.855 [main] INFO  resources.base - NavBar is successfully validated
04:35:13.825 [main] INFO  resources.base - Object Created
04:40:34.602 [main] INFO  resources.base - Object Created
04:40:34.738 [main] INFO  resources.base - Successfully validated
04:42:08.707 [main] INFO  resources.base - Driver is initialized
04:42:11.501 [main] INFO  resources.base - Driver invoked the browser successfully
04:42:11.684 [main] INFO  resources.base - NavBar is successfully validated
04:42:20.963 [main] INFO  resources.base - Object Created
04:42:21.057 [main] INFO  resources.base - Successfully validated
05:01:52.138 [main] INFO  resources.base - Driver is initialized
05:01:55.747 [main] INFO  resources.base - Driver invoked the browser successfully
05:01:55.933 [main] INFO  resources.base - NavBar is successfully validated
05:02:05.305 [main] INFO  resources.base - Object Created
05:02:05.431 [main] INFO  resources.base - Successfully validated
